TN:
SF:src/automotive/crypto/crypto_1.c
FN:11,crypto_init
FN:20,crypto_get_state
FN:22,crypto_set_key
FN:35,crypto_set_nonce
FN:55,crypto_calculate_hmac
FN:72,crypto_verify_hmac
FNDA:1,crypto_calculate_hmac
FNDA:104,crypto_set_key
FNDA:6130,crypto_get_state
FNDA:0,crypto_verify_hmac
FNDA:39,crypto_init
FNDA:41,crypto_set_nonce
FNF:6
FNH:5
DA:11,39
DA:12,39
DA:13,39
DA:14,38
DA:15,38
DA:16,39
DA:17,39
DA:18,39
DA:20,6130
DA:22,104
DA:23,104
DA:24,104
DA:25,104
DA:26,1
DA:27,103
DA:28,103
DA:29,103
DA:30,104
DA:31,104
DA:32,0
DA:33,104
DA:35,41
DA:36,41
DA:37,2
DA:38,1
DA:39,1
DA:40,130
DA:41,128
DA:42,128
DA:43,2
DA:44,2
DA:45,1
DA:46,1
DA:47,1
DA:48,1
DA:49,2
DA:50,2
DA:51,39
DA:52,41
DA:55,1
DA:56,1
DA:57,0
DA:58,0
DA:59,0
DA:60,0
DA:62,0
DA:63,0
DA:64,0
DA:65,0
DA:66,0
DA:67,0
DA:68,1
DA:69,1
DA:72,0
DA:73,0
DA:74,0
DA:75,0
DA:76,0
DA:77,0
DA:78,0
DA:79,0
DA:80,0
DA:81,0
DA:82,0
DA:83,0
DA:84,0
DA:85,0
LF:67
LH:42
end_of_record
TN:
SF:src/automotive/crypto/crypto_2.c
FN:8,crypto_verify_nonce
FN:21,crypto_verify_key
FNDA:53,crypto_verify_nonce
FNDA:133,crypto_verify_key
FNF:2
FNH:2
DA:8,53
DA:9,3258
DA:10,3208
DA:11,1014
DA:12,1014
DA:13,3
DA:14,3
DA:15,1014
DA:16,3208
DA:18,50
DA:19,53
DA:21,133
DA:22,133
DA:23,133
DA:24,133
DA:25,133
DA:26,133
DA:28,0
DA:29,133
LF:19
LH:18
end_of_record
TN:
SF:src/automotive/crypto/crypto_types.h
FNF:0
FNH:0
DA:6,3388
DA:7,133
DA:8,0
LF:3
LH:2
end_of_record
TN:
SF:src/automotive/fuzz_test.cpp
FN:26,fuzz_test.cpp:_ZL28LLVMFuzzerInitializeNoReturnv
FN:28,fuzz_test.cpp:_ZL30LLVMFuzzerTestOneInputNoReturnPKhm
FNDA:115,fuzz_test.cpp:_ZL30LLVMFuzzerTestOneInputNoReturnPKhm
FNDA:3,fuzz_test.cpp:_ZL28LLVMFuzzerInitializeNoReturnv
FNF:2
FNH:2
DA:26,3
DA:28,115
DA:31,115
DA:32,14
DA:35,101
DA:36,101
DA:38,101
DA:39,6717
DA:40,6616
DA:41,6616
DA:43,6130
DA:44,6130
DA:45,6130
DA:46,0
DA:48,1
DA:49,1
DA:50,1
DA:51,0
DA:53,29
DA:54,29
DA:55,29
DA:57,29
DA:58,29
DA:59,0
DA:61,4
DA:62,4
DA:63,4
DA:64,0
DA:66,12
DA:67,12
DA:68,12
DA:69,12
DA:70,12
DA:72,12
DA:73,12
DA:74,0
DA:76,0
DA:77,0
DA:78,0
DA:79,0
DA:88,0
DA:89,0
DA:90,0
DA:91,0
DA:93,0
DA:94,0
DA:95,0
DA:97,3
DA:98,3
DA:99,3
DA:100,3
DA:102,3
DA:103,3
DA:104,0
DA:106,1
DA:107,1
DA:108,1
DA:109,1
DA:118,1
DA:119,1
DA:120,1
DA:121,1
DA:123,1
DA:124,1
DA:125,0
DA:127,15
DA:128,15
DA:129,15
DA:130,15
DA:131,15
DA:132,15
DA:133,15
DA:134,15
DA:136,15
DA:137,15
DA:138,0
DA:140,66
DA:141,66
DA:142,66
DA:144,66
DA:145,66
DA:146,0
DA:148,0
DA:149,0
DA:150,0
DA:151,0
DA:152,0
DA:153,0
DA:154,0
DA:155,0
DA:156,0
DA:158,0
DA:159,0
DA:160,0
DA:162,38
DA:163,38
DA:164,38
DA:165,0
DA:167,3
DA:168,3
DA:169,3
DA:170,3
DA:179,3
DA:181,3
DA:182,3
DA:183,0
DA:185,19
DA:186,19
DA:187,19
DA:188,19
DA:197,19
DA:199,19
DA:200,19
DA:201,0
DA:203,0
DA:204,0
DA:205,0
DA:206,0
DA:207,6616
DA:208,6616
DA:209,101
LF:121
LH:82
end_of_record
TN:
SF:src/automotive/gps/gps_1.c
FN:13,init_crypto_module
FN:27,set_destination_postition
FN:32,get_destination_position
FN:34,get_current_position
FNDA:1,get_destination_position
FNDA:15,set_destination_postition
FNDA:38,init_crypto_module
FNDA:0,get_current_position
FNF:4
FNH:3
DA:13,38
DA:14,38
DA:15,38
DA:16,38
DA:17,38
DA:18,38
DA:19,38
DA:20,38
DA:21,0
DA:22,0
DA:23,38
DA:24,38
DA:25,38
DA:27,15
DA:28,15
DA:29,15
DA:30,15
DA:32,1
DA:34,0
DA:35,0
DA:36,0
DA:37,0
DA:38,0
DA:39,0
DA:40,0
DA:41,0
DA:42,0
DA:43,0
DA:44,0
DA:45,0
DA:46,0
DA:47,0
DA:48,0
DA:49,0
DA:50,0
DA:51,0
DA:52,0
DA:53,0
LF:38
LH:16
end_of_record
TN:
SF:src/automotive/key_management/key_management_1.c
FN:3,generate_random_bytes
FN:10,key_management_create_key
FN:14,key_management_create_nonce
FNDA:57,key_management_create_nonce
FNDA:41,key_management_create_key
FNDA:98,generate_random_bytes
FNF:3
FNH:3
DA:3,98
DA:4,6028
DA:5,5930
DA:6,5930
DA:7,98
DA:8,98
DA:10,41
DA:11,41
DA:12,41
DA:14,57
DA:15,57
DA:16,57
LF:12
LH:12
end_of_record
TN:
SF:src/automotive/mocks.cpp
FN:27,_Z6SetFDPP18FuzzedDataProvider
FN:31,_Z6GetFDPv
FN:37,_Z31ConsumeDataAndFillRestWithZerosPvm
FN:51,driver_get_current_time
FN:57,GPS_driver_obtain_current_position
FN:67,HSM_get_random_byte
FN:74,third_party_library_calc_hmac
FNDA:111,_Z31ConsumeDataAndFillRestWithZerosPvm
FNDA:0,third_party_library_calc_hmac
FNDA:101,_Z6SetFDPP18FuzzedDataProvider
FNDA:13927,_Z6GetFDPv
FNDA:0,GPS_driver_obtain_current_position
FNDA:1018,driver_get_current_time
FNDA:5930,HSM_get_random_byte
FNF:7
FNH:5
DA:27,101
DA:28,101
DA:29,101
DA:31,13927
DA:37,111
DA:38,111
DA:39,111
DA:40,111
DA:41,39
DA:42,39
DA:43,39
DA:44,111
DA:45,111
DA:51,1018
DA:52,1018
DA:53,1018
DA:54,1018
DA:57,0
DA:58,0
DA:59,0
DA:60,0
DA:61,0
DA:62,0
DA:63,0
DA:64,0
DA:65,0
DA:67,5930
DA:68,5930
DA:69,5930
DA:70,5930
DA:74,0
DA:75,0
DA:76,0
DA:77,0
DA:78,0
DA:79,0
LF:36
LH:21
end_of_record
TN:
SF:src/automotive/time/time_1.c
FN:3,current_time
FNDA:1018,current_time
FNF:1
FNH:1
DA:3,1018
LF:1
LH:1
end_of_record
TN:
SF:src/explore_me/complex_checks_test.cpp
FN:19,complex_checks_test.cpp:_ZL30LLVMFuzzerTestOneInputNoReturnPKhm
FNDA:429,complex_checks_test.cpp:_ZL30LLVMFuzzerTestOneInputNoReturnPKhm
FNF:1
FNH:1
DA:19,429
DA:20,429
DA:21,429
DA:22,429
DA:23,429
DA:25,429
DA:26,429
LF:7
LH:7
end_of_record
TN:
SF:src/explore_me/explore_me.cpp
FN:10,_Z19ExploreSimpleChecksiiNSt7__cxx1112basic_stringIcSt11char_traitsIcESaIcEEE
FN:22,_Z20ExploreComplexChecksllNSt7__cxx1112basic_stringIcSt11char_traitsIcESaIcEEE
FN:32,explore_me.cpp:_ZL15insecureEncryptl
FN:39,explore_me.cpp:_ZL30trigger_global_buffer_overflowRKNSt7__cxx1112basic_stringIcSt11char_traitsIcESaIcEEE
FN:44,explore_me.cpp:_ZL22trigger_use_after_freev
FNDA:0,explore_me.cpp:_ZL15insecureEncryptl
FNDA:0,explore_me.cpp:_ZL22trigger_use_after_freev
FNDA:429,_Z20ExploreComplexChecksllNSt7__cxx1112basic_stringIcSt11char_traitsIcESaIcEEE
FNDA:826,_Z19ExploreSimpleChecksiiNSt7__cxx1112basic_stringIcSt11char_traitsIcESaIcEEE
FNDA:1,explore_me.cpp:_ZL30trigger_global_buffer_overflowRKNSt7__cxx1112basic_stringIcSt11char_traitsIcESaIcEEE
FNF:5
FNH:3
DA:10,826
DA:11,826
DA:12,334
DA:13,203
DA:14,125
DA:15,1
DA:16,1
DA:17,125
DA:18,203
DA:19,334
DA:20,826
DA:22,429
DA:23,429
DA:24,0
DA:25,0
DA:26,0
DA:27,0
DA:28,0
DA:29,0
DA:30,429
DA:32,0
DA:33,0
DA:34,0
DA:35,0
DA:39,1
DA:40,1
DA:41,1
DA:42,1
DA:44,0
DA:45,0
DA:46,0
DA:47,0
DA:48,0
DA:49,0
DA:50,0
LF:35
LH:18
end_of_record
TN:
SF:src/explore_me/simple_checks_test.cpp
FN:19,simple_checks_test.cpp:_ZL30LLVMFuzzerTestOneInputNoReturnPKhm
FNDA:826,simple_checks_test.cpp:_ZL30LLVMFuzzerTestOneInputNoReturnPKhm
FNF:1
FNH:1
DA:19,826
DA:20,826
DA:21,826
DA:22,826
DA:23,826
DA:25,826
DA:26,826
LF:7
LH:7
end_of_record
TN:
SF:src/explore_me/utils.cpp
FN:13,_Z12EncodeBase64RKNSt7__cxx1112basic_stringIcSt11char_traitsIcESaIcEEE
FNDA:429,_Z12EncodeBase64RKNSt7__cxx1112basic_stringIcSt11char_traitsIcESaIcEEE
FNF:1
FNH:1
DA:13,429
DA:14,429
DA:15,429
DA:17,429
DA:18,429
DA:19,429
DA:20,429
DA:22,429
DA:23,429
DA:24,429
DA:25,429
DA:26,429
DA:27,429
DA:29,429
DA:30,429
DA:31,429
LF:16
LH:16
end_of_record
